Flow report for Lab3
Mon Nov 10 15:14:48 2014
Quartus II 64-Bit Version 13.1.0 Build 162 10/23/2013 SJ Full Version


---------------------
; Table of Contents ;
---------------------
  1. Legal Notice
  2. Flow Summary
  3. Flow Settings
  4. Flow Non-Default Global Settings
  5. Flow Elapsed Time
  6. Flow OS Summary
  7. Flow Log
  8. Flow Messages
  9. Flow Suppressed Messages



----------------
; Legal Notice ;
----------------
Copyright (C) 1991-2013 Altera Corporation
Your use of Altera Corporation's design tools, logic functions 
and other software and tools, and its AMPP partner logic 
functions, and any output files from any of the foregoing 
(including device programming or simulation files), and any 
associated documentation or information are expressly subject 
to the terms and conditions of the Altera Program License 
Subscription Agreement, Altera MegaCore Function License 
Agreement, or other applicable license agreement, including, 
without limitation, that your use is for the sole purpose of 
programming logic devices manufactured by Altera and sold by 
Altera or its authorized distributors.  Please refer to the 
applicable agreement for further details.



+----------------------------------------------------------------------------------+
; Flow Summary                                                                     ;
+------------------------------------+---------------------------------------------+
; Flow Status                        ; Successful - Mon Nov 10 15:14:38 2014       ;
; Quartus II 64-Bit Version          ; 13.1.0 Build 162 10/23/2013 SJ Full Version ;
; Revision Name                      ; Lab3                                        ;
; Top-level Entity Name              ; Lab3                                        ;
; Family                             ; Cyclone III                                 ;
; Device                             ; EP3C16F484C6                                ;
; Timing Models                      ; Final                                       ;
; Total logic elements               ; 582 / 15,408 ( 4 % )                        ;
;     Total combinational functions  ; 440 / 15,408 ( 3 % )                        ;
;     Dedicated logic registers      ; 407 / 15,408 ( 3 % )                        ;
; Total registers                    ; 407                                         ;
; Total pins                         ; 10 / 347 ( 3 % )                            ;
; Total virtual pins                 ; 0                                           ;
; Total memory bits                  ; 7,680 / 516,096 ( 1 % )                     ;
; Embedded Multiplier 9-bit elements ; 6 / 112 ( 5 % )                             ;
; Total PLLs                         ; 1 / 4 ( 25 % )                              ;
+------------------------------------+---------------------------------------------+


+-----------------------------------------+
; Flow Settings                           ;
+-------------------+---------------------+
; Option            ; Setting             ;
+-------------------+---------------------+
; Start date & time ; 11/10/2014 03:07:54 ;
; Main task         ; Compilation         ;
; Revision Name     ; Lab3                ;
+-------------------+---------------------+


+-------------------------------------------------------------------------------------------------------------------------------------------------+
; Flow Non-Default Global Settings                                                                                                                ;
+-------------------------------------+----------------------------------------------------------------+---------------+-------------+------------+
; Assignment Name                     ; Value                                                          ; Default Value ; Entity Name ; Section Id ;
+-------------------------------------+----------------------------------------------------------------+---------------+-------------+------------+
; COMPILER_SIGNATURE_ID               ; 137343725434541.141560687428460                                ; --            ; --          ; --         ;
; IP_TOOL_NAME                        ; ALTPLL                                                         ; --            ; --          ; --         ;
; IP_TOOL_NAME                        ; NCO                                                            ; --            ; --          ; --         ;
; IP_TOOL_VERSION                     ; 13.1                                                           ; --            ; --          ; --         ;
; IP_TOOL_VERSION                     ; 13.1                                                           ; --            ; --          ; --         ;
; MAX_CORE_JUNCTION_TEMP              ; 85                                                             ; --            ; --          ; --         ;
; MIN_CORE_JUNCTION_TEMP              ; 0                                                              ; --            ; --          ; --         ;
; MISC_FILE                           ; PLL.bsf                                                        ; --            ; --          ; --         ;
; MISC_FILE                           ; PLL_inst.v                                                     ; --            ; --          ; --         ;
; MISC_FILE                           ; PLL_bb.v                                                       ; --            ; --          ; --         ;
; MISC_FILE                           ; PLL.ppf                                                        ; --            ; --          ; --         ;
; MISC_FILE                           ; nco-library/asj_altq.v                                         ; --            ; --          ; --         ;
; MISC_FILE                           ; nco-library/asj_altqmcash.v                                    ; --            ; --          ; --         ;
; MISC_FILE                           ; nco-library/asj_altqmcpipe.v                                   ; --            ; --          ; --         ;
; MISC_FILE                           ; nco-library/asj_altqmcpipe_rst.v                               ; --            ; --          ; --         ;
; MISC_FILE                           ; nco-library/asj_crd.v                                          ; --            ; --          ; --         ;
; MISC_FILE                           ; nco-library/asj_crs.v                                          ; --            ; --          ; --         ;
; MISC_FILE                           ; nco-library/asj_dxx.v                                          ; --            ; --          ; --         ;
; MISC_FILE                           ; nco-library/asj_dxx_g.v                                        ; --            ; --          ; --         ;
; MISC_FILE                           ; nco-library/asj_gal.v                                          ; --            ; --          ; --         ;
; MISC_FILE                           ; nco-library/asj_gam.v                                          ; --            ; --          ; --         ;
; MISC_FILE                           ; nco-library/asj_gam_dp.v                                       ; --            ; --          ; --         ;
; MISC_FILE                           ; nco-library/asj_gar.v                                          ; --            ; --          ; --         ;
; MISC_FILE                           ; nco-library/asj_nco_aprid_dxx.v                                ; --            ; --          ; --         ;
; MISC_FILE                           ; nco-library/asj_nco_apr_dxx.v                                  ; --            ; --          ; --         ;
; MISC_FILE                           ; nco-library/asj_nco_as_m.v                                     ; --            ; --          ; --         ;
; MISC_FILE                           ; nco-library/asj_nco_as_m_cen.v                                 ; --            ; --          ; --         ;
; MISC_FILE                           ; nco-library/asj_nco_as_m_dp.v                                  ; --            ; --          ; --         ;
; MISC_FILE                           ; nco-library/asj_nco_as_m_dp_cen.v                              ; --            ; --          ; --         ;
; MISC_FILE                           ; nco-library/asj_nco_d1gam.v                                    ; --            ; --          ; --         ;
; MISC_FILE                           ; nco-library/asj_nco_derot.v                                    ; --            ; --          ; --         ;
; MISC_FILE                           ; nco-library/asj_nco_fxx.v                                      ; --            ; --          ; --         ;
; MISC_FILE                           ; nco-library/asj_nco_isdr.v                                     ; --            ; --          ; --         ;
; MISC_FILE                           ; nco-library/asj_nco_isdr_mc.v                                  ; --            ; --          ; --         ;
; MISC_FILE                           ; nco-library/asj_nco_isdr_throughput2.v                         ; --            ; --          ; --         ;
; MISC_FILE                           ; nco-library/asj_nco_lp_m.v                                     ; --            ; --          ; --         ;
; MISC_FILE                           ; nco-library/asj_nco_m.v                                        ; --            ; --          ; --         ;
; MISC_FILE                           ; nco-library/asj_nco_madx.v                                     ; --            ; --          ; --         ;
; MISC_FILE                           ; nco-library/asj_nco_madx_cen.v                                 ; --            ; --          ; --         ;
; MISC_FILE                           ; nco-library/asj_nco_mady.v                                     ; --            ; --          ; --         ;
; MISC_FILE                           ; nco-library/asj_nco_mady_cen.v                                 ; --            ; --          ; --         ;
; MISC_FILE                           ; nco-library/asj_nco_mcin.v                                     ; --            ; --          ; --         ;
; MISC_FILE                           ; nco-library/asj_nco_mciosel.v                                  ; --            ; --          ; --         ;
; MISC_FILE                           ; nco-library/asj_nco_mcout.v                                    ; --            ; --          ; --         ;
; MISC_FILE                           ; nco-library/asj_nco_mob_rw.v                                   ; --            ; --          ; --         ;
; MISC_FILE                           ; nco-library/asj_nco_mob_sw.v                                   ; --            ; --          ; --         ;
; MISC_FILE                           ; nco-library/asj_nco_mob_w.v                                    ; --            ; --          ; --         ;
; MISC_FILE                           ; nco-library/asj_nco_pmd2.v                                     ; --            ; --          ; --         ;
; MISC_FILE                           ; nco-library/asj_nco_pmd2gam.v                                  ; --            ; --          ; --         ;
; MISC_FILE                           ; nco-library/asj_nco_pxx.v                                      ; --            ; --          ; --         ;
; MISC_FILE                           ; nco-library/asj_xnqg.v                                         ; --            ; --          ; --         ;
; MISC_FILE                           ; nco-library/auk_dspip_avalon_streaming_block_sink.vhd          ; --            ; --          ; --         ;
; MISC_FILE                           ; nco-library/auk_dspip_avalon_streaming_block_sink_fftfprvs.vhd ; --            ; --          ; --         ;
; MISC_FILE                           ; nco-library/auk_dspip_avalon_streaming_block_source.vhd        ; --            ; --          ; --         ;
; MISC_FILE                           ; nco-library/auk_dspip_avalon_streaming_controller.vhd          ; --            ; --          ; --         ;
; MISC_FILE                           ; nco-library/auk_dspip_avalon_streaming_controller_pe.vhd       ; --            ; --          ; --         ;
; MISC_FILE                           ; nco-library/auk_dspip_avalon_streaming_sink.vhd                ; --            ; --          ; --         ;
; MISC_FILE                           ; nco-library/auk_dspip_avalon_streaming_source.vhd              ; --            ; --          ; --         ;
; MISC_FILE                           ; nco-library/auk_dspip_delay.vhd                                ; --            ; --          ; --         ;
; MISC_FILE                           ; nco-library/auk_dspip_lib_pkg.vhd                              ; --            ; --          ; --         ;
; MISC_FILE                           ; nco-library/auk_dspip_math_pkg.vhd                             ; --            ; --          ; --         ;
; MISC_FILE                           ; nco-library/auk_dspip_text_pkg.vhd                             ; --            ; --          ; --         ;
; MISC_FILE                           ; nco-library/cordic_10_m.v                                      ; --            ; --          ; --         ;
; MISC_FILE                           ; nco-library/cordic_11_m.v                                      ; --            ; --          ; --         ;
; MISC_FILE                           ; nco-library/cordic_12_m.v                                      ; --            ; --          ; --         ;
; MISC_FILE                           ; nco-library/cordic_13_m.v                                      ; --            ; --          ; --         ;
; MISC_FILE                           ; nco-library/cordic_14_m.v                                      ; --            ; --          ; --         ;
; MISC_FILE                           ; nco-library/cordic_15_m.v                                      ; --            ; --          ; --         ;
; MISC_FILE                           ; nco-library/cordic_16_m.v                                      ; --            ; --          ; --         ;
; MISC_FILE                           ; nco-library/cordic_17_m.v                                      ; --            ; --          ; --         ;
; MISC_FILE                           ; nco-library/cordic_18_m.v                                      ; --            ; --          ; --         ;
; MISC_FILE                           ; nco-library/cordic_19_m.v                                      ; --            ; --          ; --         ;
; MISC_FILE                           ; nco-library/cordic_20_m.v                                      ; --            ; --          ; --         ;
; MISC_FILE                           ; nco-library/cordic_21_m.v                                      ; --            ; --          ; --         ;
; MISC_FILE                           ; nco-library/cordic_22_m.v                                      ; --            ; --          ; --         ;
; MISC_FILE                           ; nco-library/cordic_23_m.v                                      ; --            ; --          ; --         ;
; MISC_FILE                           ; nco-library/cordic_24_m.v                                      ; --            ; --          ; --         ;
; MISC_FILE                           ; nco-library/cordic_25_m.v                                      ; --            ; --          ; --         ;
; MISC_FILE                           ; nco-library/cordic_26_m.v                                      ; --            ; --          ; --         ;
; MISC_FILE                           ; nco-library/cordic_27_m.v                                      ; --            ; --          ; --         ;
; MISC_FILE                           ; nco-library/cordic_28_m.v                                      ; --            ; --          ; --         ;
; MISC_FILE                           ; nco-library/cordic_29_m.v                                      ; --            ; --          ; --         ;
; MISC_FILE                           ; nco-library/cordic_30_m.v                                      ; --            ; --          ; --         ;
; MISC_FILE                           ; nco-library/cordic_31_m.v                                      ; --            ; --          ; --         ;
; MISC_FILE                           ; nco-library/cordic_32_m.v                                      ; --            ; --          ; --         ;
; MISC_FILE                           ; nco-library/cordic_3_m.v                                       ; --            ; --          ; --         ;
; MISC_FILE                           ; nco-library/cordic_4_m.v                                       ; --            ; --          ; --         ;
; MISC_FILE                           ; nco-library/cordic_5_m.v                                       ; --            ; --          ; --         ;
; MISC_FILE                           ; nco-library/cordic_6_m.v                                       ; --            ; --          ; --         ;
; MISC_FILE                           ; nco-library/cordic_7_m.v                                       ; --            ; --          ; --         ;
; MISC_FILE                           ; nco-library/cordic_8_m.v                                       ; --            ; --          ; --         ;
; MISC_FILE                           ; nco-library/cordic_9_m.v                                       ; --            ; --          ; --         ;
; MISC_FILE                           ; nco-library/cordic_axor_0p_lpm.v                               ; --            ; --          ; --         ;
; MISC_FILE                           ; nco-library/cordic_axor_1p_lpm.v                               ; --            ; --          ; --         ;
; MISC_FILE                           ; nco-library/cordic_axor_2p_lpm.v                               ; --            ; --          ; --         ;
; MISC_FILE                           ; nco-library/cordic_axor_ser.v                                  ; --            ; --          ; --         ;
; MISC_FILE                           ; nco-library/cordic_cnt.v                                       ; --            ; --          ; --         ;
; MISC_FILE                           ; nco-library/cordic_cnt_sig.v                                   ; --            ; --          ; --         ;
; MISC_FILE                           ; nco-library/cordic_reg_ser.v                                   ; --            ; --          ; --         ;
; MISC_FILE                           ; nco-library/cordic_sxor_0p_lpm.v                               ; --            ; --          ; --         ;
; MISC_FILE                           ; nco-library/cordic_sxor_1p_lpm.v                               ; --            ; --          ; --         ;
; MISC_FILE                           ; nco-library/cordic_sxor_2p_lpm.v                               ; --            ; --          ; --         ;
; MISC_FILE                           ; nco-library/cordic_sxor_ser.v                                  ; --            ; --          ; --         ;
; MISC_FILE                           ; nco-library/cordic_zxor_0p_lpm.v                               ; --            ; --          ; --         ;
; MISC_FILE                           ; nco-library/cordic_zxor_1p_lpm.v                               ; --            ; --          ; --         ;
; MISC_FILE                           ; nco-library/cordic_zxor_2p_lpm.v                               ; --            ; --          ; --         ;
; MISC_FILE                           ; nco-library/cordic_zxor_ser.v                                  ; --            ; --          ; --         ;
; MISC_FILE                           ; nco-library/cord_2c.v                                          ; --            ; --          ; --         ;
; MISC_FILE                           ; nco-library/cord_acc_ena.v                                     ; --            ; --          ; --         ;
; MISC_FILE                           ; nco-library/cord_en.v                                          ; --            ; --          ; --         ;
; MISC_FILE                           ; nco-library/cord_fs.v                                          ; --            ; --          ; --         ;
; MISC_FILE                           ; nco-library/cord_init.v                                        ; --            ; --          ; --         ;
; MISC_FILE                           ; nco-library/cord_init_pm.v                                     ; --            ; --          ; --         ;
; MISC_FILE                           ; nco-library/cord_init_ser.v                                    ; --            ; --          ; --         ;
; MISC_FILE                           ; nco-library/cord_init_ser_pm.v                                 ; --            ; --          ; --         ;
; MISC_FILE                           ; nco-library/cord_lut.v                                         ; --            ; --          ; --         ;
; MISC_FILE                           ; nco-library/cord_lut_1p.v                                      ; --            ; --          ; --         ;
; MISC_FILE                           ; nco-library/cord_rot_dual.v                                    ; --            ; --          ; --         ;
; MISC_FILE                           ; nco-library/cord_rot_sgl.v                                     ; --            ; --          ; --         ;
; MISC_FILE                           ; nco-library/cord_seg_sel.v                                     ; --            ; --          ; --         ;
; MISC_FILE                           ; nco-library/dop_reg.v                                          ; --            ; --          ; --         ;
; MISC_FILE                           ; nco-library/freq_sel_st.v                                      ; --            ; --          ; --         ;
; MISC_FILE                           ; nco-library/las.v                                              ; --            ; --          ; --         ;
; MISC_FILE                           ; nco-library/lms.v                                              ; --            ; --          ; --         ;
; MISC_FILE                           ; nco-library/lmsd.v                                             ; --            ; --          ; --         ;
; MISC_FILE                           ; nco-library/mac_i_lpm.v                                        ; --            ; --          ; --         ;
; MISC_FILE                           ; nco-library/mac_i_lpmd.v                                       ; --            ; --          ; --         ;
; MISC_FILE                           ; nco-library/m_output_blk_reg.v                                 ; --            ; --          ; --         ;
; MISC_FILE                           ; nco-library/m_output_blk_rw.v                                  ; --            ; --          ; --         ;
; MISC_FILE                           ; nco-library/m_output_blk_w.v                                   ; --            ; --          ; --         ;
; MISC_FILE                           ; nco-library/segment_arr_tdl.v                                  ; --            ; --          ; --         ;
; MISC_FILE                           ; nco-library/segment_sel.v                                      ; --            ; --          ; --         ;
; MISC_FILE                           ; nco-library/segment_sel_sgl.v                                  ; --            ; --          ; --         ;
; MISC_FILE                           ; nco-library/sid_2c_1p.v                                        ; --            ; --          ; --         ;
; MISC_FILE                           ; nco-library/sop_reg.v                                          ; --            ; --          ; --         ;
; MISC_FILE                           ; NCO.v                                                          ; --            ; --          ; --         ;
; MISC_FILE                           ; NCO_bb.v                                                       ; --            ; --          ; --         ;
; MISC_FILE                           ; NCO.bsf                                                        ; --            ; --          ; --         ;
; MISC_FILE                           ; NCO.vo                                                         ; --            ; --          ; --         ;
; MISC_FILE                           ; NCO_st.v                                                       ; --            ; --          ; --         ;
; MISC_FILE                           ; NCO_tb.v                                                       ; --            ; --          ; --         ;
; MISC_FILE                           ; NCO_vo_msim.tcl                                                ; --            ; --          ; --         ;
; MISC_FILE                           ; NCO_wave.do                                                    ; --            ; --          ; --         ;
; MISC_FILE                           ; NCO_model.m                                                    ; --            ; --          ; --         ;
; MISC_FILE                           ; NCO_tb.m                                                       ; --            ; --          ; --         ;
; MISC_FILE                           ; NCO_sin_f.hex                                                  ; --            ; --          ; --         ;
; MISC_FILE                           ; NCO_cos_f.hex                                                  ; --            ; --          ; --         ;
; MISC_FILE                           ; NCO_sin_c.hex                                                  ; --            ; --          ; --         ;
; MISC_FILE                           ; NCO_cos_c.hex                                                  ; --            ; --          ; --         ;
; MISC_FILE                           ; NCO.vec                                                        ; --            ; --          ; --         ;
; MISC_FILE                           ; NCO_nativelink.tcl                                             ; --            ; --          ; --         ;
; MISC_FILE                           ; NCO.qip                                                        ; --            ; --          ; --         ;
; MISC_FILE                           ; NCO.html                                                       ; --            ; --          ; --         ;
; NOMINAL_CORE_SUPPLY_VOLTAGE         ; 1.2V                                                           ; --            ; --          ; --         ;
; PARTITION_COLOR                     ; 16764057                                                       ; --            ; --          ; Top        ;
; PARTITION_FITTER_PRESERVATION_LEVEL ; PLACEMENT_AND_ROUTING                                          ; --            ; --          ; Top        ;
; PARTITION_NETLIST_TYPE              ; SOURCE                                                         ; --            ; --          ; Top        ;
; PROJECT_OUTPUT_DIRECTORY            ; output_files                                                   ; --            ; --          ; --         ;
; SEARCH_PATH                         ; .                                                              ; --            ; --          ; --         ;
; SEARCH_PATH                         ; nco-library                                                    ; --            ; --          ; --         ;
+-------------------------------------+----------------------------------------------------------------+---------------+-------------+------------+


+-------------------------------------------------------------------------------------------------------------------------------+
; Flow Elapsed Time                                                                                                             ;
+---------------------------+--------------+-------------------------+---------------------+------------------------------------+
; Module Name               ; Elapsed Time ; Average Processors Used ; Peak Virtual Memory ; Total CPU Time (on all processors) ;
+---------------------------+--------------+-------------------------+---------------------+------------------------------------+
; Analysis & Synthesis      ; 00:00:22     ; 1.0                     ; 521 MB              ; 00:00:14                           ;
; Fitter                    ; 00:01:26     ; 1.0                     ; 1076 MB             ; 00:00:29                           ;
; Assembler                 ; 00:00:14     ; 1.0                     ; 475 MB              ; 00:00:04                           ;
; TimeQuest Timing Analyzer ; 00:00:09     ; 1.0                     ; 516 MB              ; 00:00:07                           ;
; I/O Assignment Analysis   ; 00:00:11     ; 1.0                     ; 675 MB              ; 00:00:09                           ;
; Analysis & Synthesis      ; 00:00:10     ; 1.0                     ; 495 MB              ; 00:00:08                           ;
; Partition Merge           ; 00:00:03     ; 1.0                     ; 489 MB              ; 00:00:03                           ;
; Fitter                    ; 00:00:05     ; 1.0                     ; 679 MB              ; 00:00:05                           ;
; I/O Assignment Analysis   ; 00:00:05     ; 1.0                     ; 666 MB              ; 00:00:04                           ;
; I/O Assignment Analysis   ; 00:00:04     ; 1.0                     ; 666 MB              ; 00:00:04                           ;
; Analysis & Synthesis      ; 00:00:19     ; 1.0                     ; 495 MB              ; 00:00:07                           ;
; Partition Merge           ; 00:00:11     ; 1.0                     ; 489 MB              ; 00:00:02                           ;
; Fitter                    ; 00:00:14     ; 1.0                     ; 679 MB              ; 00:00:04                           ;
; Analysis & Synthesis      ; 00:00:19     ; 1.0                     ; 495 MB              ; 00:00:07                           ;
; Partition Merge           ; 00:00:10     ; 1.0                     ; 489 MB              ; 00:00:02                           ;
; Fitter                    ; 00:00:13     ; 1.0                     ; 679 MB              ; 00:00:04                           ;
; I/O Assignment Analysis   ; 00:00:13     ; 1.0                     ; 666 MB              ; 00:00:05                           ;
; I/O Assignment Analysis   ; 00:00:37     ; 1.0                     ; 758 MB              ; 00:00:05                           ;
; I/O Assignment Analysis   ; 00:00:19     ; 1.0                     ; 666 MB              ; 00:00:05                           ;
; Analysis & Synthesis      ; 00:01:30     ; 1.0                     ; 537 MB              ; 00:00:14                           ;
; Partition Merge           ; 00:00:15     ; 1.0                     ; 489 MB              ; 00:00:02                           ;
; Fitter                    ; 00:01:09     ; 1.1                     ; 1081 MB             ; 00:00:27                           ;
; Assembler                 ; 00:00:17     ; 1.0                     ; 471 MB              ; 00:00:04                           ;
; TimeQuest Timing Analyzer ; 00:00:17     ; 1.2                     ; 516 MB              ; 00:00:08                           ;
; I/O Assignment Analysis   ; 00:00:17     ; 1.0                     ; 676 MB              ; 00:00:08                           ;
; I/O Assignment Analysis   ; 00:00:09     ; 1.0                     ; 675 MB              ; 00:00:09                           ;
; Analysis & Synthesis      ; 00:00:09     ; 1.0                     ; 495 MB              ; 00:00:08                           ;
; Partition Merge           ; 00:00:03     ; 1.0                     ; 489 MB              ; 00:00:02                           ;
; Fitter                    ; 00:00:25     ; 1.1                     ; 982 MB              ; 00:00:26                           ;
; Assembler                 ; 00:00:06     ; 1.0                     ; 471 MB              ; 00:00:04                           ;
; TimeQuest Timing Analyzer ; 00:00:07     ; 1.0                     ; 517 MB              ; 00:00:07                           ;
; Total                     ; 00:10:08     ; --                      ; --                  ; 00:04:07                           ;
+---------------------------+--------------+-------------------------+---------------------+------------------------------------+


+----------------------------------------------------------------------------------------+
; Flow OS Summary                                                                        ;
+---------------------------+------------------+-----------+------------+----------------+
; Module Name               ; Machine Hostname ; OS Name   ; OS Version ; Processor type ;
+---------------------------+------------------+-----------+------------+----------------+
; Analysis & Synthesis      ; Sergio-THINK     ; Windows 7 ; 6.1        ; x86_64         ;
; Fitter                    ; Sergio-THINK     ; Windows 7 ; 6.1        ; x86_64         ;
; Assembler                 ; Sergio-THINK     ; Windows 7 ; 6.1        ; x86_64         ;
; TimeQuest Timing Analyzer ; Sergio-THINK     ; Windows 7 ; 6.1        ; x86_64         ;
; I/O Assignment Analysis   ; Sergio-THINK     ; Windows 7 ; 6.1        ; x86_64         ;
; Analysis & Synthesis      ; Sergio-THINK     ; Windows 7 ; 6.1        ; x86_64         ;
; Partition Merge           ; Sergio-THINK     ; Windows 7 ; 6.1        ; x86_64         ;
; Fitter                    ; Sergio-THINK     ; Windows 7 ; 6.1        ; x86_64         ;
; I/O Assignment Analysis   ; Sergio-THINK     ; Windows 7 ; 6.1        ; x86_64         ;
; I/O Assignment Analysis   ; Sergio-THINK     ; Windows 7 ; 6.1        ; x86_64         ;
; Analysis & Synthesis      ; Sergio-THINK     ; Windows 7 ; 6.1        ; x86_64         ;
; Partition Merge           ; Sergio-THINK     ; Windows 7 ; 6.1        ; x86_64         ;
; Fitter                    ; Sergio-THINK     ; Windows 7 ; 6.1        ; x86_64         ;
; Analysis & Synthesis      ; Sergio-THINK     ; Windows 7 ; 6.1        ; x86_64         ;
; Partition Merge           ; Sergio-THINK     ; Windows 7 ; 6.1        ; x86_64         ;
; Fitter                    ; Sergio-THINK     ; Windows 7 ; 6.1        ; x86_64         ;
; I/O Assignment Analysis   ; Sergio-THINK     ; Windows 7 ; 6.1        ; x86_64         ;
; I/O Assignment Analysis   ; Sergio-THINK     ; Windows 7 ; 6.1        ; x86_64         ;
; I/O Assignment Analysis   ; Sergio-THINK     ; Windows 7 ; 6.1        ; x86_64         ;
; Analysis & Synthesis      ; Sergio-THINK     ; Windows 7 ; 6.1        ; x86_64         ;
; Partition Merge           ; Sergio-THINK     ; Windows 7 ; 6.1        ; x86_64         ;
; Fitter                    ; Sergio-THINK     ; Windows 7 ; 6.1        ; x86_64         ;
; Assembler                 ; Sergio-THINK     ; Windows 7 ; 6.1        ; x86_64         ;
; TimeQuest Timing Analyzer ; Sergio-THINK     ; Windows 7 ; 6.1        ; x86_64         ;
; I/O Assignment Analysis   ; Sergio-THINK     ; Windows 7 ; 6.1        ; x86_64         ;
; I/O Assignment Analysis   ; Sergio-THINK     ; Windows 7 ; 6.1        ; x86_64         ;
; Analysis & Synthesis      ; Sergio-THINK     ; Windows 7 ; 6.1        ; x86_64         ;
; Partition Merge           ; Sergio-THINK     ; Windows 7 ; 6.1        ; x86_64         ;
; Fitter                    ; Sergio-THINK     ; Windows 7 ; 6.1        ; x86_64         ;
; Assembler                 ; Sergio-THINK     ; Windows 7 ; 6.1        ; x86_64         ;
; TimeQuest Timing Analyzer ; Sergio-THINK     ; Windows 7 ; 6.1        ; x86_64         ;
+---------------------------+------------------+-----------+------------+----------------+


------------
; Flow Log ;
------------
quartus_map --read_settings_files=on --write_settings_files=off Lab3 -c Lab3
quartus_fit --read_settings_files=off --write_settings_files=off Lab3 -c Lab3
quartus_asm --read_settings_files=off --write_settings_files=off Lab3 -c Lab3
quartus_sta Lab3 -c Lab3
quartus_fit --read_settings_files=on --write_settings_files=off Lab3 -c Lab3 --check_ios
quartus_map --read_settings_files=on --write_settings_files=off Lab3 -c Lab3
quartus_cdb --read_settings_files=off --write_settings_files=off Lab3 -c Lab3 --merge=on
quartus_fit --read_settings_files=off --write_settings_files=off Lab3 -c Lab3
quartus_fit --read_settings_files=on --write_settings_files=off Lab3 -c Lab3 --check_ios
quartus_fit --read_settings_files=on --write_settings_files=off Lab3 -c Lab3 --check_ios
quartus_map --read_settings_files=on --write_settings_files=off Lab3 -c Lab3
quartus_cdb --read_settings_files=off --write_settings_files=off Lab3 -c Lab3 --merge=on
quartus_fit --read_settings_files=off --write_settings_files=off Lab3 -c Lab3
quartus_map --read_settings_files=on --write_settings_files=off Lab3 -c Lab3
quartus_cdb --read_settings_files=off --write_settings_files=off Lab3 -c Lab3 --merge=on
quartus_fit --read_settings_files=off --write_settings_files=off Lab3 -c Lab3
quartus_fit --read_settings_files=on --write_settings_files=off Lab3 -c Lab3 --check_ios
quartus_fit --read_settings_files=on --write_settings_files=off Lab3 -c Lab3 --check_ios
quartus_fit --read_settings_files=on --write_settings_files=off Lab3 -c Lab3 --check_ios
quartus_map --read_settings_files=on --write_settings_files=off Lab3 -c Lab3
quartus_cdb --read_settings_files=off --write_settings_files=off Lab3 -c Lab3 --merge=on
quartus_fit --read_settings_files=off --write_settings_files=off Lab3 -c Lab3
quartus_asm --read_settings_files=off --write_settings_files=off Lab3 -c Lab3
quartus_sta Lab3 -c Lab3
quartus_fit --read_settings_files=on --write_settings_files=off Lab3 -c Lab3 --check_ios
quartus_fit --read_settings_files=on --write_settings_files=off Lab3 -c Lab3 --check_ios
quartus_map --read_settings_files=on --write_settings_files=off Lab3 -c Lab3
quartus_cdb --read_settings_files=off --write_settings_files=off Lab3 -c Lab3 --merge=on
quartus_fit --read_settings_files=off --write_settings_files=off Lab3 -c Lab3
quartus_asm --read_settings_files=off --write_settings_files=off Lab3 -c Lab3
quartus_sta Lab3 -c Lab3



